[debug] [2019-04-08T04:56:37.624Z] ----------------------------------------------------------------------
[debug] [2019-04-08T04:56:37.628Z] Command:       /usr/local/bin/node /usr/local/bin/firebase deploy
[debug] [2019-04-08T04:56:37.628Z] CLI Version:   6.5.3
[debug] [2019-04-08T04:56:37.628Z] Platform:      darwin
[debug] [2019-04-08T04:56:37.628Z] Node Version:  v10.13.0
[debug] [2019-04-08T04:56:37.629Z] Time:          Sun Apr 07 2019 23:56:37 GMT-0500 (Central Daylight Time)
[debug] [2019-04-08T04:56:37.629Z] ----------------------------------------------------------------------
[debug] 
[debug] [2019-04-08T04:56:37.642Z] > command requires scopes: ["email","openid","https://www.googleapis.com/auth/cloudplatformprojects.readonly","https://www.googleapis.com/auth/firebase","https://www.googleapis.com/auth/cloud-platform"]
[debug] [2019-04-08T04:56:37.643Z] > authorizing via signed-in user
[debug] [2019-04-08T04:56:37.643Z] [iam] checking project dialogflow-236616 for permissions ["cloudfunctions.functions.create","cloudfunctions.functions.delete","cloudfunctions.functions.get","cloudfunctions.functions.list","cloudfunctions.functions.update","cloudfunctions.operations.get","firebase.projects.get"]
[debug] [2019-04-08T04:56:37.646Z] >>> HTTP REQUEST POST https://cloudresourcemanager.googleapis.com/v1/projects/dialogflow-236616:testIamPermissions  

[debug] [2019-04-08T04:56:37.973Z] <<< HTTP RESPONSE 200
[info] 
[info] === Deploying to 'dialogflow-236616'...
[info] 
[info] i  deploying functions
[info] Running command: npm --prefix "$RESOURCE_DIR" run lint
[info] ✔  functions: Finished running predeploy script.
[debug] [2019-04-08T04:56:45.616Z] > [functions] package.json contents: {
  "name": "functions",
  "description": "Cloud Functions for Firebase",
  "scripts": {
    "lint": "eslint .",
    "serve": "firebase serve --only functions",
    "shell": "firebase functions:shell",
    "start": "npm run shell",
    "deploy": "firebase deploy --only functions",
    "logs": "firebase functions:log",
    "test": "mocha"
  },
  "dependencies": {
    "actions-on-google": "^2.6.0",
    "dialogflow": "^0.6.0",
    "dialogflow-fulfillment": "^0.5.0",
    "express": "^4.16.4",
    "firebase": "^5.9.3",
    "firebase-admin": "~7.0.0",
    "firebase-functions": "^2.2.0",
    "request": "^2.88.0"
  },
  "devDependencies": {
    "eslint": "^5.12.0",
    "eslint-plugin-promise": "^4.0.1"
  },
  "private": true
}
[info] i  functions: ensuring necessary APIs are enabled...
[debug] [2019-04-08T04:56:45.620Z] >>> HTTP REQUEST GET https://servicemanagement.googleapis.com/v1/services/cloudfunctions.googleapis.com/projectSettings/dialogflow-236616?view=CONSUMER_VIEW  
 
[debug] [2019-04-08T04:56:45.623Z] >>> HTTP REQUEST GET https://servicemanagement.googleapis.com/v1/services/runtimeconfig.googleapis.com/projectSettings/dialogflow-236616?view=CONSUMER_VIEW  
 
[debug] [2019-04-08T04:56:46.469Z] <<< HTTP RESPONSE 200
[debug] [2019-04-08T04:56:46.498Z] <<< HTTP RESPONSE 200
[info] ✔  functions: all necessary APIs are enabled
[debug] [2019-04-08T04:56:46.500Z] >>> HTTP REQUEST GET https://cloudresourcemanager.googleapis.com/v1/projects/dialogflow-236616  
 
[debug] [2019-04-08T04:56:46.665Z] <<< HTTP RESPONSE 200
[debug] [2019-04-08T04:56:46.666Z] >>> HTTP REQUEST GET https://mobilesdk-pa.googleapis.com/v1/projects/711474857222:getServerAppConfig  
 
[debug] [2019-04-08T04:56:46.876Z] <<< HTTP RESPONSE 200
[info] i  functions: preparing functions directory for uploading...
[debug] [2019-04-08T04:56:46.879Z] >>> HTTP REQUEST GET https://runtimeconfig.googleapis.com/v1beta1/projects/dialogflow-236616/configs  
 
[debug] [2019-04-08T04:56:47.401Z] <<< HTTP RESPONSE 200
[info] i  functions: packaged functions (43.63 KB) for uploading
[debug] [2019-04-08T04:56:49.514Z] >>> HTTP REQUEST POST https://cloudfunctions.googleapis.com/v1/projects/dialogflow-236616/locations/us-central1/functions:generateUploadUrl  
 
[debug] [2019-04-08T04:56:49.862Z] <<< HTTP RESPONSE 200
[debug] [2019-04-08T04:56:49.864Z] >>> HTTP REQUEST PUT https://storage.googleapis.com/gcf-upload-us-central1-097b8b30-dc6d-4069-b8fa-d66d8c09bb6f/456519bf-fc97-4f89-a403-f653bb674fad.zip?GoogleAccessId=service-711474857222@gcf-admin-robot.iam.gserviceaccount.com&Expires=1554701209&Signature=fXP6VVg%2Bkmd8ogCEDrexjTG7mxoJ2us5fGWJ3mZm8u1E2KSIR06%2BLXKNfpVfXnPzwbB8zm4hp2CZgAo7RoduFeTjqXBzTpDl%2BmYGKxGNhEs%2BdKAWkSdOV0vlw4JUqNQm36fGNv7xQsmcm%2FOrMY38L%2B7sS7ITVh15lkEZi2XaXsCMfhVrnnUyn3awvMJg6hli%2BSLNwdV87QIY%2FPaFwx11Ipwfo4wpaIptXoRDevoQqyPQj2cXOC%2FW%2Bn4Cfh4l6%2BlvnJ06RzTDjwFzvviNFXdz6OkwxZrxcwVBV7ol2%2F1r8FZu9g1msMdjquR5qrnoR8RKGBUJ0rYDC0DcuCUl7CbYgw%3D%3D  

[debug] [2019-04-08T04:56:50.498Z] <<< HTTP RESPONSE 200
[info] ✔  functions: functions folder uploaded successfully
[debug] [2019-04-08T04:56:50.500Z] >>> HTTP REQUEST GET https://cloudfunctions.googleapis.com/v1/projects/dialogflow-236616/locations/-/functions  
 
